{"/Users/adonaipinheiro/Documents/Github/FIAPAula3/src/components/index.tsx": {"path":"/Users/adonaipinheiro/Documents/Github/FIAPAula3/src/components/index.tsx","statementMap":{},"fnMap":{},"branchMap":{},"s":{},"f":{},"b":{},"_coverageSchema":"1a1c01bbd47fc00a2c39e90264f33305004495a9","hash":"0e9dff21f7415d131bcf9b48fbf8cdcbd8a81816"}
,"/Users/adonaipinheiro/Documents/Github/FIAPAula3/src/components/Button/index.tsx": {"path":"/Users/adonaipinheiro/Documents/Github/FIAPAula3/src/components/Button/index.tsx","statementMap":{"0":{"start":{"line":18,"column":24},"end":{"line":18,"column":35}},"1":{"start":{"line":20,"column":2},"end":{"line":27,"column":4}}},"fnMap":{"0":{"name":"Button","decl":{"start":{"line":17,"column":9},"end":{"line":17,"column":15}},"loc":{"start":{"line":17,"column":53},"end":{"line":28,"column":1}},"line":17}},"branchMap":{},"s":{"0":4,"1":4},"f":{"0":4},"b":{},"_coverageSchema":"1a1c01bbd47fc00a2c39e90264f33305004495a9","hash":"2dc2fb758f73ff8ff993510dcec2640341508f89"}
,"/Users/adonaipinheiro/Documents/Github/FIAPAula3/src/components/Button/styles.ts": {"path":"/Users/adonaipinheiro/Documents/Github/FIAPAula3/src/components/Button/styles.ts","statementMap":{"0":{"start":{"line":3,"column":15},"end":{"line":18,"column":2}}},"fnMap":{},"branchMap":{},"s":{"0":1},"f":{},"b":{},"_coverageSchema":"1a1c01bbd47fc00a2c39e90264f33305004495a9","hash":"46b05757de827fddc25761fed573a3dde5c30e8a"}
,"/Users/adonaipinheiro/Documents/Github/FIAPAula3/src/components/Button/useButton.ts": {"path":"/Users/adonaipinheiro/Documents/Github/FIAPAula3/src/components/Button/useButton.ts","statementMap":{"0":{"start":{"line":11,"column":22},"end":{"line":44,"column":3}},"1":{"start":{"line":12,"column":4},"end":{"line":43,"column":5}},"2":{"start":{"line":14,"column":8},"end":{"line":21,"column":10}},"3":{"start":{"line":23,"column":8},"end":{"line":30,"column":10}},"4":{"start":{"line":32,"column":8},"end":{"line":39,"column":10}},"5":{"start":{"line":42,"column":8},"end":{"line":42,"column":18}},"6":{"start":{"line":46,"column":2},"end":{"line":48,"column":4}}},"fnMap":{"0":{"name":"useButton","decl":{"start":{"line":10,"column":24},"end":{"line":10,"column":33}},"loc":{"start":{"line":10,"column":36},"end":{"line":49,"column":1}},"line":10},"1":{"name":"(anonymous_1)","decl":{"start":{"line":11,"column":22},"end":{"line":11,"column":23}},"loc":{"start":{"line":11,"column":61},"end":{"line":44,"column":3}},"line":11}},"branchMap":{"0":{"loc":{"start":{"line":12,"column":4},"end":{"line":43,"column":5}},"type":"switch","locations":[{"start":{"line":13,"column":6},"end":{"line":21,"column":10}},{"start":{"line":22,"column":6},"end":{"line":30,"column":10}},{"start":{"line":31,"column":6},"end":{"line":39,"column":10}},{"start":{"line":41,"column":6},"end":{"line":42,"column":18}}],"line":12}},"s":{"0":4,"1":8,"2":4,"3":4,"4":0,"5":0,"6":4},"f":{"0":4,"1":8},"b":{"0":[4,4,0,0]},"_coverageSchema":"1a1c01bbd47fc00a2c39e90264f33305004495a9","hash":"f8477bfb32dbf8bd06601fa555f114696726c91f"}
,"/Users/adonaipinheiro/Documents/Github/FIAPAula3/src/components/Input/index.tsx": {"path":"/Users/adonaipinheiro/Documents/Github/FIAPAula3/src/components/Input/index.tsx","statementMap":{"0":{"start":{"line":13,"column":2},"end":{"line":18,"column":4}}},"fnMap":{"0":{"name":"Input","decl":{"start":{"line":12,"column":9},"end":{"line":12,"column":14}},"loc":{"start":{"line":12,"column":46},"end":{"line":19,"column":1}},"line":12}},"branchMap":{"0":{"loc":{"start":{"line":16,"column":7},"end":{"line":16,"column":63}},"type":"binary-expr","locations":[{"start":{"line":16,"column":7},"end":{"line":16,"column":12}},{"start":{"line":16,"column":16},"end":{"line":16,"column":63}}],"line":16}},"s":{"0":4},"f":{"0":4},"b":{"0":[4,0]},"_coverageSchema":"1a1c01bbd47fc00a2c39e90264f33305004495a9","hash":"07fdbfb69d2c508765007539c5251a8e5aa19286"}
,"/Users/adonaipinheiro/Documents/Github/FIAPAula3/src/components/Input/styles.ts": {"path":"/Users/adonaipinheiro/Documents/Github/FIAPAula3/src/components/Input/styles.ts","statementMap":{"0":{"start":{"line":3,"column":15},"end":{"line":19,"column":2}}},"fnMap":{},"branchMap":{},"s":{"0":1},"f":{},"b":{},"_coverageSchema":"1a1c01bbd47fc00a2c39e90264f33305004495a9","hash":"74b77ae938e3a55a796c1306a1c69e1c584527b6"}
,"/Users/adonaipinheiro/Documents/Github/FIAPAula3/src/screens/Institutional/index.tsx": {"path":"/Users/adonaipinheiro/Documents/Github/FIAPAula3/src/screens/Institutional/index.tsx","statementMap":{"0":{"start":{"line":5,"column":2},"end":{"line":10,"column":4}}},"fnMap":{"0":{"name":"Institutional","decl":{"start":{"line":4,"column":24},"end":{"line":4,"column":37}},"loc":{"start":{"line":4,"column":40},"end":{"line":11,"column":1}},"line":4}},"branchMap":{},"s":{"0":3},"f":{"0":3},"b":{},"_coverageSchema":"1a1c01bbd47fc00a2c39e90264f33305004495a9","hash":"bb505bfea3e7e28d80d61f3f215c85ba4d1f376b"}
,"/Users/adonaipinheiro/Documents/Github/FIAPAula3/src/screens/SignIn/index.tsx": {"path":"/Users/adonaipinheiro/Documents/Github/FIAPAula3/src/screens/SignIn/index.tsx","statementMap":{"0":{"start":{"line":16,"column":60},"end":{"line":16,"column":71}},"1":{"start":{"line":17,"column":14},"end":{"line":17,"column":30}},"2":{"start":{"line":19,"column":2},"end":{"line":64,"column":4}},"3":{"start":{"line":26,"column":47},"end":{"line":26,"column":76}},"4":{"start":{"line":28,"column":10},"end":{"line":60,"column":13}}},"fnMap":{"0":{"name":"SignIn","decl":{"start":{"line":15,"column":24},"end":{"line":15,"column":30}},"loc":{"start":{"line":15,"column":33},"end":{"line":65,"column":1}},"line":15},"1":{"name":"(anonymous_1)","decl":{"start":{"line":26,"column":18},"end":{"line":26,"column":19}},"loc":{"start":{"line":26,"column":47},"end":{"line":26,"column":76}},"line":26},"2":{"name":"(anonymous_2)","decl":{"start":{"line":27,"column":9},"end":{"line":27,"column":10}},"loc":{"start":{"line":28,"column":10},"end":{"line":60,"column":13}},"line":28}},"branchMap":{"0":{"loc":{"start":{"line":30,"column":27},"end":{"line":30,"column":60}},"type":"binary-expr","locations":[{"start":{"line":30,"column":27},"end":{"line":30,"column":54}},{"start":{"line":30,"column":58},"end":{"line":30,"column":60}}],"line":30},"1":{"loc":{"start":{"line":38,"column":27},"end":{"line":38,"column":59}},"type":"binary-expr","locations":[{"start":{"line":38,"column":27},"end":{"line":38,"column":53}},{"start":{"line":38,"column":57},"end":{"line":38,"column":59}}],"line":38},"2":{"loc":{"start":{"line":49,"column":16},"end":{"line":51,"column":44}},"type":"cond-expr","locations":[{"start":{"line":50,"column":20},"end":{"line":50,"column":43}},{"start":{"line":51,"column":20},"end":{"line":51,"column":44}}],"line":49}},"s":{"0":2,"1":2,"2":2,"3":0,"4":2},"f":{"0":2,"1":0,"2":2},"b":{"0":[2,0],"1":[2,0],"2":[0,2]},"_coverageSchema":"1a1c01bbd47fc00a2c39e90264f33305004495a9","hash":"d0f2d8feb6b61f387d0cd23056b7b6ddd8db1a99"}
,"/Users/adonaipinheiro/Documents/Github/FIAPAula3/src/screens/SignIn/styles.ts": {"path":"/Users/adonaipinheiro/Documents/Github/FIAPAula3/src/screens/SignIn/styles.ts","statementMap":{"0":{"start":{"line":3,"column":15},"end":{"line":22,"column":2}}},"fnMap":{},"branchMap":{},"s":{"0":1},"f":{},"b":{},"_coverageSchema":"1a1c01bbd47fc00a2c39e90264f33305004495a9","hash":"e7a3e1a2917eb8d1328489dcbd15f2ae89bf3527"}
,"/Users/adonaipinheiro/Documents/Github/FIAPAula3/src/screens/SignIn/hooks/useSignIn.ts": {"path":"/Users/adonaipinheiro/Documents/Github/FIAPAula3/src/screens/SignIn/hooks/useSignIn.ts","statementMap":{"0":{"start":{"line":16,"column":21},"end":{"line":16,"column":56}},"1":{"start":{"line":17,"column":19},"end":{"line":17,"column":35}},"2":{"start":{"line":18,"column":14},"end":{"line":18,"column":30}},"3":{"start":{"line":20,"column":24},"end":{"line":20,"column":45}},"4":{"start":{"line":22,"column":17},"end":{"line":32,"column":3}},"5":{"start":{"line":26,"column":4},"end":{"line":26,"column":62}},"6":{"start":{"line":28,"column":4},"end":{"line":31,"column":13}},"7":{"start":{"line":29,"column":6},"end":{"line":29,"column":27}},"8":{"start":{"line":30,"column":6},"end":{"line":30,"column":38}},"9":{"start":{"line":34,"column":21},"end":{"line":37,"column":3}},"10":{"start":{"line":35,"column":4},"end":{"line":35,"column":23}},"11":{"start":{"line":36,"column":4},"end":{"line":36,"column":30}},"12":{"start":{"line":39,"column":23},"end":{"line":44,"column":4}},"13":{"start":{"line":46,"column":2},"end":{"line":51,"column":4}}},"fnMap":{"0":{"name":"useSignIn","decl":{"start":{"line":15,"column":24},"end":{"line":15,"column":33}},"loc":{"start":{"line":15,"column":36},"end":{"line":52,"column":1}},"line":15},"1":{"name":"(anonymous_1)","decl":{"start":{"line":22,"column":17},"end":{"line":22,"column":18}},"loc":{"start":{"line":25,"column":7},"end":{"line":32,"column":3}},"line":25},"2":{"name":"(anonymous_2)","decl":{"start":{"line":28,"column":15},"end":{"line":28,"column":16}},"loc":{"start":{"line":28,"column":21},"end":{"line":31,"column":5}},"line":28},"3":{"name":"(anonymous_3)","decl":{"start":{"line":34,"column":21},"end":{"line":34,"column":22}},"loc":{"start":{"line":34,"column":27},"end":{"line":37,"column":3}},"line":34}},"branchMap":{"0":{"loc":{"start":{"line":41,"column":13},"end":{"line":41,"column":47}},"type":"binary-expr","locations":[{"start":{"line":41,"column":13},"end":{"line":41,"column":41}},{"start":{"line":41,"column":45},"end":{"line":41,"column":47}}],"line":41},"1":{"loc":{"start":{"line":42,"column":16},"end":{"line":42,"column":53}},"type":"binary-expr","locations":[{"start":{"line":42,"column":16},"end":{"line":42,"column":47}},{"start":{"line":42,"column":51},"end":{"line":42,"column":53}}],"line":42},"2":{"loc":{"start":{"line":43,"column":32},"end":{"line":43,"column":68}},"type":"binary-expr","locations":[{"start":{"line":43,"column":32},"end":{"line":43,"column":62}},{"start":{"line":43,"column":66},"end":{"line":43,"column":68}}],"line":43}},"s":{"0":2,"1":2,"2":2,"3":2,"4":2,"5":0,"6":0,"7":0,"8":0,"9":2,"10":0,"11":0,"12":2,"13":2},"f":{"0":2,"1":0,"2":0,"3":0},"b":{"0":[2,0],"1":[2,0],"2":[2,0]},"_coverageSchema":"1a1c01bbd47fc00a2c39e90264f33305004495a9","hash":"a92225a39478ba743c0c5c4f24c34ef881936608"}
,"/Users/adonaipinheiro/Documents/Github/FIAPAula3/src/store/hooks.ts": {"path":"/Users/adonaipinheiro/Documents/Github/FIAPAula3/src/store/hooks.ts","statementMap":{"0":{"start":{"line":6,"column":49},"end":{"line":6,"column":60}},"1":{"start":{"line":7,"column":63},"end":{"line":7,"column":74}}},"fnMap":{},"branchMap":{},"s":{"0":1,"1":1},"f":{},"b":{},"_coverageSchema":"1a1c01bbd47fc00a2c39e90264f33305004495a9","hash":"090c318e4617d06faf6fa7a5ccc981623c8752f2"}
,"/Users/adonaipinheiro/Documents/Github/FIAPAula3/src/store/user/userSlice.ts": {"path":"/Users/adonaipinheiro/Documents/Github/FIAPAula3/src/store/user/userSlice.ts","statementMap":{"0":{"start":{"line":10,"column":32},"end":{"line":13,"column":1}},"1":{"start":{"line":15,"column":25},"end":{"line":28,"column":2}},"2":{"start":{"line":20,"column":6},"end":{"line":20,"column":23}},"3":{"start":{"line":21,"column":6},"end":{"line":21,"column":23}},"4":{"start":{"line":24,"column":6},"end":{"line":24,"column":41}},"5":{"start":{"line":25,"column":6},"end":{"line":25,"column":41}},"6":{"start":{"line":30,"column":36},"end":{"line":30,"column":53}},"7":{"start":{"line":32,"column":20},"end":{"line":32,"column":52}},"8":{"start":{"line":32,"column":42},"end":{"line":32,"column":52}}},"fnMap":{"0":{"name":"(anonymous_0)","decl":{"start":{"line":19,"column":15},"end":{"line":19,"column":16}},"loc":{"start":{"line":19,"column":24},"end":{"line":22,"column":5}},"line":19},"1":{"name":"(anonymous_1)","decl":{"start":{"line":23,"column":13},"end":{"line":23,"column":14}},"loc":{"start":{"line":23,"column":58},"end":{"line":26,"column":5}},"line":23},"2":{"name":"(anonymous_2)","decl":{"start":{"line":32,"column":20},"end":{"line":32,"column":21}},"loc":{"start":{"line":32,"column":42},"end":{"line":32,"column":52}},"line":32}},"branchMap":{},"s":{"0":1,"1":1,"2":0,"3":0,"4":0,"5":0,"6":1,"7":1,"8":0},"f":{"0":0,"1":0,"2":0},"b":{},"_coverageSchema":"1a1c01bbd47fc00a2c39e90264f33305004495a9","hash":"0edf60afe9a5cf182e161f8bdaaef0501ddce2e3"}
}
