TN:
SF:src/components/index.tsx
FNF:0
FNH:0
LF:0
LH:0
BRF:0
BRH:0
end_of_record
TN:
SF:src/components/Button/index.tsx
FN:17,Button
FNF:1
FNH:1
FNDA:14,Button
DA:18,14
DA:20,14
LF:2
LH:2
BRF:0
BRH:0
end_of_record
TN:
SF:src/components/Button/styles.ts
FNF:0
FNH:0
DA:3,1
LF:1
LH:1
BRF:0
BRH:0
end_of_record
TN:
SF:src/components/Button/useButton.ts
FN:10,useButton
FN:11,(anonymous_1)
FNF:2
FNH:2
FNDA:14,useButton
FNDA:28,(anonymous_1)
DA:11,14
DA:12,28
DA:14,14
DA:23,14
DA:32,0
DA:42,0
DA:46,14
LF:7
LH:5
BRDA:12,0,0,14
BRDA:12,0,1,14
BRDA:12,0,2,0
BRDA:12,0,3,0
BRF:4
BRH:2
end_of_record
TN:
SF:src/components/Input/index.tsx
FN:12,Input
FNF:1
FNH:1
FNDA:14,Input
DA:13,14
LF:1
LH:1
BRDA:16,0,0,14
BRDA:16,0,1,4
BRF:2
BRH:2
end_of_record
TN:
SF:src/components/Input/styles.ts
FNF:0
FNH:0
DA:3,1
LF:1
LH:1
BRF:0
BRH:0
end_of_record
TN:
SF:src/screens/Institutional/index.tsx
FN:4,Institutional
FNF:1
FNH:1
FNDA:3,Institutional
DA:5,3
LF:1
LH:1
BRF:0
BRH:0
end_of_record
TN:
SF:src/screens/SignIn/index.tsx
FN:15,SignIn
FN:26,(anonymous_1)
FN:27,(anonymous_2)
FNF:3
FNH:2
FNDA:4,SignIn
FNDA:0,(anonymous_1)
FNDA:7,(anonymous_2)
DA:16,4
DA:17,4
DA:19,4
DA:26,0
DA:28,7
LF:5
LH:4
BRDA:30,0,0,7
BRDA:30,0,1,0
BRDA:38,1,0,7
BRDA:38,1,1,0
BRDA:49,2,0,3
BRDA:49,2,1,4
BRF:6
BRH:4
end_of_record
TN:
SF:src/screens/SignIn/styles.ts
FNF:0
FNH:0
DA:3,1
LF:1
LH:1
BRF:0
BRH:0
end_of_record
TN:
SF:src/screens/SignIn/hooks/useSignIn.ts
FN:15,useSignIn
FN:22,(anonymous_1)
FN:28,(anonymous_2)
FN:34,(anonymous_3)
FNF:4
FNH:1
FNDA:4,useSignIn
FNDA:0,(anonymous_1)
FNDA:0,(anonymous_2)
FNDA:0,(anonymous_3)
DA:16,4
DA:17,4
DA:18,4
DA:20,4
DA:22,4
DA:26,0
DA:28,0
DA:29,0
DA:30,0
DA:34,4
DA:35,0
DA:36,0
DA:39,4
DA:46,4
LF:14
LH:8
BRDA:41,0,0,4
BRDA:41,0,1,0
BRDA:42,1,0,4
BRDA:42,1,1,0
BRDA:43,2,0,4
BRDA:43,2,1,0
BRF:6
BRH:3
end_of_record
TN:
SF:src/store/hooks.ts
FNF:0
FNH:0
DA:6,1
DA:7,1
LF:2
LH:2
BRF:0
BRH:0
end_of_record
TN:
SF:src/store/user/userSlice.ts
FN:19,(anonymous_0)
FN:23,(anonymous_1)
FN:32,(anonymous_2)
FNF:3
FNH:0
FNDA:0,(anonymous_0)
FNDA:0,(anonymous_1)
FNDA:0,(anonymous_2)
DA:10,1
DA:15,1
DA:20,0
DA:21,0
DA:24,0
DA:25,0
DA:30,1
DA:32,1
LF:8
LH:4
BRF:0
BRH:0
end_of_record
